<?xml version="1.0" encoding="UTF-8"?>
<testng-results ignored="3" total="4" passed="1" failed="0" skipped="0">
  <reporter-output>
  </reporter-output>
  <suite started-at="2023-03-14T00:00:44 EDT" name="Default suite" finished-at="2023-03-14T00:00:46 EDT" duration-ms="1966">
    <groups>
    </groups>
    <test started-at="2023-03-14T00:00:44 EDT" name="Default test" finished-at="2023-03-14T00:00:46 EDT" duration-ms="1966">
      <class name="Assignment.GetDataDummyRestAPI">
        <test-method is-config="true" signature="init()[pri:0, instance:Assignment.GetDataDummyRestAPI@f5ac9e4]" started-at="2023-03-14T00:00:44 EDT" name="init" finished-at="2023-03-14T00:00:44 EDT" duration-ms="395" status="PASS">
          <reporter-output>
          </reporter-output>
        </test-method> <!-- init -->
        <test-method signature="deleteUserData_testcase03()[pri:0, instance:Assignment.GetDataDummyRestAPI@f5ac9e4]" started-at="2023-03-14T00:00:44 EDT" name="deleteUserData_testcase03" finished-at="2023-03-14T00:00:46 EDT" duration-ms="1540" status="PASS">
          <reporter-output>
          </reporter-output>
        </test-method> <!-- deleteUserData_testcase03 -->
      </class> <!-- Assignment.GetDataDummyRestAPI -->
    </test> <!-- Default test -->
  </suite> <!-- Default suite -->
</testng-results>
