<?xml version="1.0" encoding="UTF-8"?>
<testng-results ignored="4" total="5" passed="1" failed="0" skipped="0">
  <reporter-output>
  </reporter-output>
  <suite started-at="2023-03-14T11:52:57 EDT" name="Default suite" finished-at="2023-03-14T11:53:00 EDT" duration-ms="3055">
    <groups>
    </groups>
    <test started-at="2023-03-14T11:52:57 EDT" name="Default test" finished-at="2023-03-14T11:53:00 EDT" duration-ms="3055">
      <class name="Assignment.GetDataDummyRestAPI">
        <test-method is-config="true" signature="init()[pri:0, instance:Assignment.GetDataDummyRestAPI@123ef382]" started-at="2023-03-14T11:52:57 EDT" name="init" finished-at="2023-03-14T11:52:58 EDT" duration-ms="519" status="PASS">
          <reporter-output>
          </reporter-output>
        </test-method> <!-- init -->
        <test-method signature="GetUserData_testcase05()[pri:0, instance:Assignment.GetDataDummyRestAPI@123ef382]" started-at="2023-03-14T11:52:58 EDT" name="GetUserData_testcase05" finished-at="2023-03-14T11:53:00 EDT" duration-ms="2489" status="PASS">
          <reporter-output>
          </reporter-output>
        </test-method> <!-- GetUserData_testcase05 -->
      </class> <!-- Assignment.GetDataDummyRestAPI -->
    </test> <!-- Default test -->
  </suite> <!-- Default suite -->
</testng-results>
