<?xml version="1.0" encoding="UTF-8"?>
<!-- Generated by org.testng.reporters.JUnitXMLReporter -->
<testsuite ignored="0" hostname="Debipriya_WIN11" failures="1" tests="1" name="Default test" time="7.491" errors="0" timestamp="2023-03-06T21:27:01 EST">
  <testcase classname="io.cucumber.testng.AbstractTestNGCucumberTests" name="runScenario" time="7.245">
    <failure type="java.lang.NullPointerException" message="Cannot invoke &amp;quot;org.openqa.selenium.WebDriver.findElement(org.openqa.selenium.By)&amp;quot; because &amp;quot;this.driver&amp;quot; is null">
      <![CDATA[java.lang.NullPointerException: Cannot invoke "org.openqa.selenium.WebDriver.findElement(org.openqa.selenium.By)" because "this.driver" is null
at com.FireBase.stepDefinitionForSalesforce.i_enter_username_and_password(stepDefinitionForSalesforce.java:38)
at ✽.i enter username and password(file:///C:/eclipse-workspace/CucumberSeleniumIntegration/src/test/resources/salesforcefeature.feature:5)
]]>
    </failure>
  </testcase> <!-- runScenario -->
</testsuite> <!-- Default test -->
