<?xml version="1.0" encoding="UTF-8"?>
<!-- Generated by org.testng.reporters.JUnitXMLReporter -->
<testsuite ignored="0" hostname="Debipriya_WIN11" failures="0" tests="35" name="edgeTests" time="0.123" errors="0" timestamp="2023-02-20T19:21:04 EST">
  <testcase classname="com.jan23base.BaseTest" name="@BeforeTest setUpBeforeTest" time="-1.676938864234E9">
    <failure type="org.testng.TestNGException" message="
Can inject only one of &amp;lt;ITestContext, XmlTest&amp;gt; into a @BeforeTest annotated setUpBeforeTest.
For more information on native dependency injection please refer to https://testng.org/doc/documentation-main.html#native-dependency-injection">
      <![CDATA[org.testng.TestNGException: 
Can inject only one of <ITestContext, XmlTest> into a @BeforeTest annotated setUpBeforeTest.
For more information on native dependency injection please refer to https://testng.org/doc/documentation-main.html#native-dependency-injection
... Removed 21 stack frames]]>
    </failure>
  </testcase> <!-- @BeforeTest setUpBeforeTest -->
  <testcase classname="com.jan23base.BaseTest" name="@BeforeMethod setUpBeforeTestMethod" time="-1.676938864238E9">
    <skipped/>
  </testcase> <!-- @BeforeMethod setUpBeforeTestMethod -->
  <testcase classname="com.jan23base.BaseTest" name="@AfterMethod teardownAfterTestMethod" time="-1.676938864241E9">
    <skipped/>
  </testcase> <!-- @AfterMethod teardownAfterTestMethod -->
  <testcase classname="com.jan23base.BaseTest" name="@BeforeMethod setUpBeforeTestMethod" time="-1.676938864242E9">
    <skipped/>
  </testcase> <!-- @BeforeMethod setUpBeforeTestMethod -->
  <testcase classname="com.jan23base.BaseTest" name="@AfterMethod teardownAfterTestMethod" time="-1.676938864244E9">
    <skipped/>
  </testcase> <!-- @AfterMethod teardownAfterTestMethod -->
  <testcase classname="com.jan23base.BaseTest" name="@BeforeMethod setUpBeforeTestMethod" time="-1.676938864246E9">
    <skipped/>
  </testcase> <!-- @BeforeMethod setUpBeforeTestMethod -->
  <testcase classname="com.jan23base.BaseTest" name="@AfterMethod teardownAfterTestMethod" time="-1.676938864248E9">
    <skipped/>
  </testcase> <!-- @AfterMethod teardownAfterTestMethod -->
  <testcase classname="com.jan23base.BaseTest" name="@BeforeMethod setUpBeforeTestMethod" time="-1.67693886425E9">
    <skipped/>
  </testcase> <!-- @BeforeMethod setUpBeforeTestMethod -->
  <testcase classname="com.jan23base.BaseTest" name="@AfterMethod teardownAfterTestMethod" time="-1.676938864254E9">
    <skipped/>
  </testcase> <!-- @AfterMethod teardownAfterTestMethod -->
  <testcase classname="com.jan23base.BaseTest" name="@BeforeMethod setUpBeforeTestMethod" time="-1.676938864255E9">
    <skipped/>
  </testcase> <!-- @BeforeMethod setUpBeforeTestMethod -->
  <testcase classname="com.jan23base.BaseTest" name="@AfterMethod teardownAfterTestMethod" time="-1.676938864258E9">
    <skipped/>
  </testcase> <!-- @AfterMethod teardownAfterTestMethod -->
  <testcase classname="com.jan23base.BaseTest" name="@BeforeMethod setUpBeforeTestMethod" time="-1.676938864259E9">
    <skipped/>
  </testcase> <!-- @BeforeMethod setUpBeforeTestMethod -->
  <testcase classname="com.jan23base.BaseTest" name="@AfterMethod teardownAfterTestMethod" time="-1.676938864263E9">
    <skipped/>
  </testcase> <!-- @AfterMethod teardownAfterTestMethod -->
  <testcase classname="com.jan23base.BaseTest" name="@BeforeMethod setUpBeforeTestMethod" time="-1.676938864264E9">
    <skipped/>
  </testcase> <!-- @BeforeMethod setUpBeforeTestMethod -->
  <testcase classname="com.jan23base.BaseTest" name="@AfterMethod teardownAfterTestMethod" time="-1.676938864267E9">
    <skipped/>
  </testcase> <!-- @AfterMethod teardownAfterTestMethod -->
  <testcase classname="com.jan23base.BaseTest" name="@BeforeMethod setUpBeforeTestMethod" time="-1.676938864269E9">
    <skipped/>
  </testcase> <!-- @BeforeMethod setUpBeforeTestMethod -->
  <testcase classname="com.jan23base.BaseTest" name="@AfterMethod teardownAfterTestMethod" time="-1.676938864272E9">
    <skipped/>
  </testcase> <!-- @AfterMethod teardownAfterTestMethod -->
  <testcase classname="com.jan23base.BaseTest" name="@BeforeMethod setUpBeforeTestMethod" time="-1.676938864275E9">
    <skipped/>
  </testcase> <!-- @BeforeMethod setUpBeforeTestMethod -->
  <testcase classname="com.jan23base.BaseTest" name="@AfterMethod teardownAfterTestMethod" time="-1.676938864282E9">
    <skipped/>
  </testcase> <!-- @AfterMethod teardownAfterTestMethod -->
  <testcase classname="com.jan23base.BaseTest" name="@BeforeMethod setUpBeforeTestMethod" time="-1.676938864283E9">
    <skipped/>
  </testcase> <!-- @BeforeMethod setUpBeforeTestMethod -->
  <testcase classname="com.jan23base.BaseTest" name="@AfterMethod teardownAfterTestMethod" time="-1.676938864285E9">
    <skipped/>
  </testcase> <!-- @AfterMethod teardownAfterTestMethod -->
  <testcase classname="com.jan23base.BaseTest" name="@BeforeMethod setUpBeforeTestMethod" time="-1.676938864286E9">
    <skipped/>
  </testcase> <!-- @BeforeMethod setUpBeforeTestMethod -->
  <testcase classname="com.jan23base.BaseTest" name="@AfterMethod teardownAfterTestMethod" time="-1.676938864288E9">
    <skipped/>
  </testcase> <!-- @AfterMethod teardownAfterTestMethod -->
  <testcase classname="com.jan23base.BaseTest" name="@BeforeMethod setUpBeforeTestMethod" time="-1.67693886429E9">
    <skipped/>
  </testcase> <!-- @BeforeMethod setUpBeforeTestMethod -->
  <testcase classname="com.jan23base.BaseTest" name="@AfterMethod teardownAfterTestMethod" time="-1.676938864292E9">
    <skipped/>
  </testcase> <!-- @AfterMethod teardownAfterTestMethod -->
  <testcase classname="com.jan23base.BaseTest" name="@BeforeMethod setUpBeforeTestMethod" time="-1.676938864292E9">
    <skipped/>
  </testcase> <!-- @BeforeMethod setUpBeforeTestMethod -->
  <testcase classname="com.jan23base.BaseTest" name="@AfterMethod teardownAfterTestMethod" time="-1.676938864294E9">
    <skipped/>
  </testcase> <!-- @AfterMethod teardownAfterTestMethod -->
  <testcase classname="com.jan23base.BaseTest" name="@BeforeMethod setUpBeforeTestMethod" time="-1.676938864296E9">
    <skipped/>
  </testcase> <!-- @BeforeMethod setUpBeforeTestMethod -->
  <testcase classname="com.jan23base.BaseTest" name="@AfterMethod teardownAfterTestMethod" time="-1.676938864298E9">
    <skipped/>
  </testcase> <!-- @AfterMethod teardownAfterTestMethod -->
  <testcase classname="com.jan23base.BaseTest" name="@BeforeMethod setUpBeforeTestMethod" time="-1.676938864299E9">
    <skipped/>
  </testcase> <!-- @BeforeMethod setUpBeforeTestMethod -->
  <testcase classname="com.jan23base.BaseTest" name="@AfterMethod teardownAfterTestMethod" time="-1.676938864301E9">
    <skipped/>
  </testcase> <!-- @AfterMethod teardownAfterTestMethod -->
  <testcase classname="com.jan23base.BaseTest" name="@BeforeMethod setUpBeforeTestMethod" time="-1.676938864302E9">
    <skipped/>
  </testcase> <!-- @BeforeMethod setUpBeforeTestMethod -->
  <testcase classname="com.jan23base.BaseTest" name="@AfterMethod teardownAfterTestMethod" time="-1.676938864305E9">
    <skipped/>
  </testcase> <!-- @AfterMethod teardownAfterTestMethod -->
  <testcase classname="com.jan23base.BaseTest" name="@BeforeMethod setUpBeforeTestMethod" time="-1.676938864306E9">
    <skipped/>
  </testcase> <!-- @BeforeMethod setUpBeforeTestMethod -->
  <testcase classname="com.jan23base.BaseTest" name="@AfterMethod teardownAfterTestMethod" time="-1.676938864308E9">
    <skipped/>
  </testcase> <!-- @AfterMethod teardownAfterTestMethod -->
  <testcase classname="com.jan23base.BaseTest" name="@BeforeMethod setUpBeforeTestMethod" time="-1.676938864309E9">
    <skipped/>
  </testcase> <!-- @BeforeMethod setUpBeforeTestMethod -->
  <testcase classname="com.jan23base.BaseTest" name="@AfterMethod teardownAfterTestMethod" time="-1.676938864311E9">
    <skipped/>
  </testcase> <!-- @AfterMethod teardownAfterTestMethod -->
  <testcase classname="com.jan23base.BaseTest" name="@BeforeMethod setUpBeforeTestMethod" time="-1.676938864312E9">
    <skipped/>
  </testcase> <!-- @BeforeMethod setUpBeforeTestMethod -->
  <testcase classname="com.jan23base.BaseTest" name="@AfterMethod teardownAfterTestMethod" time="-1.676938864314E9">
    <skipped/>
  </testcase> <!-- @AfterMethod teardownAfterTestMethod -->
  <testcase classname="com.jan23base.BaseTest" name="@BeforeMethod setUpBeforeTestMethod" time="-1.676938864315E9">
    <skipped/>
  </testcase> <!-- @BeforeMethod setUpBeforeTestMethod -->
  <testcase classname="com.jan23base.BaseTest" name="@AfterMethod teardownAfterTestMethod" time="-1.676938864317E9">
    <skipped/>
  </testcase> <!-- @AfterMethod teardownAfterTestMethod -->
  <testcase classname="com.jan23base.BaseTest" name="@BeforeMethod setUpBeforeTestMethod" time="-1.676938864318E9">
    <skipped/>
  </testcase> <!-- @BeforeMethod setUpBeforeTestMethod -->
  <testcase classname="com.jan23base.BaseTest" name="@AfterMethod teardownAfterTestMethod" time="-1.676938864319E9">
    <skipped/>
  </testcase> <!-- @AfterMethod teardownAfterTestMethod -->
  <testcase classname="com.jan23base.BaseTest" name="@BeforeMethod setUpBeforeTestMethod" time="-1.67693886432E9">
    <skipped/>
  </testcase> <!-- @BeforeMethod setUpBeforeTestMethod -->
  <testcase classname="com.jan23base.BaseTest" name="@AfterMethod teardownAfterTestMethod" time="-1.676938864322E9">
    <skipped/>
  </testcase> <!-- @AfterMethod teardownAfterTestMethod -->
  <testcase classname="com.jan23base.BaseTest" name="@BeforeMethod setUpBeforeTestMethod" time="-1.676938864323E9">
    <skipped/>
  </testcase> <!-- @BeforeMethod setUpBeforeTestMethod -->
  <testcase classname="com.jan23base.BaseTest" name="@AfterMethod teardownAfterTestMethod" time="-1.676938864325E9">
    <skipped/>
  </testcase> <!-- @AfterMethod teardownAfterTestMethod -->
  <testcase classname="com.jan23base.BaseTest" name="@BeforeMethod setUpBeforeTestMethod" time="-1.676938864326E9">
    <skipped/>
  </testcase> <!-- @BeforeMethod setUpBeforeTestMethod -->
  <testcase classname="com.jan23base.BaseTest" name="@AfterMethod teardownAfterTestMethod" time="-1.676938864327E9">
    <skipped/>
  </testcase> <!-- @AfterMethod teardownAfterTestMethod -->
  <testcase classname="com.jan23base.BaseTest" name="@BeforeMethod setUpBeforeTestMethod" time="-1.676938864327E9">
    <skipped/>
  </testcase> <!-- @BeforeMethod setUpBeforeTestMethod -->
  <testcase classname="com.jan23base.BaseTest" name="@AfterMethod teardownAfterTestMethod" time="-1.676938864329E9">
    <skipped/>
  </testcase> <!-- @AfterMethod teardownAfterTestMethod -->
  <testcase classname="com.jan23base.BaseTest" name="@BeforeMethod setUpBeforeTestMethod" time="-1.67693886433E9">
    <skipped/>
  </testcase> <!-- @BeforeMethod setUpBeforeTestMethod -->
  <testcase classname="com.jan23base.BaseTest" name="@AfterMethod teardownAfterTestMethod" time="-1.676938864332E9">
    <skipped/>
  </testcase> <!-- @AfterMethod teardownAfterTestMethod -->
  <testcase classname="com.jan23base.BaseTest" name="@BeforeMethod setUpBeforeTestMethod" time="-1.676938864334E9">
    <skipped/>
  </testcase> <!-- @BeforeMethod setUpBeforeTestMethod -->
  <testcase classname="com.jan23base.BaseTest" name="@AfterMethod teardownAfterTestMethod" time="-1.676938864336E9">
    <skipped/>
  </testcase> <!-- @AfterMethod teardownAfterTestMethod -->
  <testcase classname="com.jan23base.BaseTest" name="@BeforeMethod setUpBeforeTestMethod" time="-1.676938864337E9">
    <skipped/>
  </testcase> <!-- @BeforeMethod setUpBeforeTestMethod -->
  <testcase classname="com.jan23base.BaseTest" name="@AfterMethod teardownAfterTestMethod" time="-1.676938864339E9">
    <skipped/>
  </testcase> <!-- @AfterMethod teardownAfterTestMethod -->
  <testcase classname="com.jan23base.BaseTest" name="@BeforeMethod setUpBeforeTestMethod" time="-1.67693886434E9">
    <skipped/>
  </testcase> <!-- @BeforeMethod setUpBeforeTestMethod -->
  <testcase classname="com.jan23base.BaseTest" name="@AfterMethod teardownAfterTestMethod" time="-1.676938864342E9">
    <skipped/>
  </testcase> <!-- @AfterMethod teardownAfterTestMethod -->
  <testcase classname="com.jan23base.BaseTest" name="@BeforeMethod setUpBeforeTestMethod" time="-1.676938864343E9">
    <skipped/>
  </testcase> <!-- @BeforeMethod setUpBeforeTestMethod -->
  <testcase classname="com.jan23base.BaseTest" name="@AfterMethod teardownAfterTestMethod" time="-1.676938864344E9">
    <skipped/>
  </testcase> <!-- @AfterMethod teardownAfterTestMethod -->
  <testcase classname="com.jan23base.BaseTest" name="@BeforeMethod setUpBeforeTestMethod" time="-1.676938864345E9">
    <skipped/>
  </testcase> <!-- @BeforeMethod setUpBeforeTestMethod -->
  <testcase classname="com.jan23base.BaseTest" name="@AfterMethod teardownAfterTestMethod" time="-1.676938864346E9">
    <skipped/>
  </testcase> <!-- @AfterMethod teardownAfterTestMethod -->
  <testcase classname="com.jan23base.BaseTest" name="@BeforeMethod setUpBeforeTestMethod" time="-1.676938864347E9">
    <skipped/>
  </testcase> <!-- @BeforeMethod setUpBeforeTestMethod -->
  <testcase classname="com.jan23base.BaseTest" name="@AfterMethod teardownAfterTestMethod" time="-1.676938864349E9">
    <skipped/>
  </testcase> <!-- @AfterMethod teardownAfterTestMethod -->
  <testcase classname="com.jan23base.BaseTest" name="@BeforeMethod setUpBeforeTestMethod" time="-1.67693886435E9">
    <skipped/>
  </testcase> <!-- @BeforeMethod setUpBeforeTestMethod -->
  <testcase classname="com.jan23base.BaseTest" name="@AfterMethod teardownAfterTestMethod" time="-1.676938864351E9">
    <skipped/>
  </testcase> <!-- @AfterMethod teardownAfterTestMethod -->
  <testcase classname="com.jan23base.BaseTest" name="@BeforeMethod setUpBeforeTestMethod" time="-1.676938864352E9">
    <skipped/>
  </testcase> <!-- @BeforeMethod setUpBeforeTestMethod -->
  <testcase classname="com.jan23base.BaseTest" name="@AfterMethod teardownAfterTestMethod" time="-1.676938864353E9">
    <skipped/>
  </testcase> <!-- @AfterMethod teardownAfterTestMethod -->
  <testcase classname="com.jan23base.BaseTest" name="@BeforeMethod setUpBeforeTestMethod" time="-1.676938864354E9">
    <skipped/>
  </testcase> <!-- @BeforeMethod setUpBeforeTestMethod -->
  <testcase classname="com.jan23base.BaseTest" name="@AfterMethod teardownAfterTestMethod" time="-1.676938864355E9">
    <skipped/>
  </testcase> <!-- @AfterMethod teardownAfterTestMethod -->
  <testcase classname="com.jan23base.BaseTest" name="@AfterTest teardownAfterTest" time="-1.676938864355E9">
    <skipped/>
  </testcase> <!-- @AfterTest teardownAfterTest -->
  <testcase classname="com.SeleniumwithMaven.SalesforceWebpageWithTestNg" name="Account_Edit_viewTC12" time="0.0">
    <skipped/>
  </testcase> <!-- Account_Edit_viewTC12 -->
  <testcase classname="com.SeleniumwithMaven.SalesforceWebpageWithTestNg" name="Account_ReportTC14" time="0.0">
    <skipped/>
  </testcase> <!-- Account_ReportTC14 -->
  <testcase classname="com.SeleniumwithMaven.SalesforceWebpageWithTestNg" name="Account_viewTC11" time="0.0">
    <skipped/>
  </testcase> <!-- Account_viewTC11 -->
  <testcase classname="com.SeleniumwithMaven.SalesforceWebpageWithTestNg" name="ChangeLeadsTabTC22" time="0.0">
    <skipped/>
  </testcase> <!-- ChangeLeadsTabTC22 -->
  <testcase classname="com.SeleniumwithMaven.SalesforceWebpageWithTestNg" name="ContactErrorMassegeTC30" time="0.0">
    <skipped/>
  </testcase> <!-- ContactErrorMassegeTC30 -->
  <testcase classname="com.SeleniumwithMaven.SalesforceWebpageWithTestNg" name="ContactsTabTC25" time="0.0">
    <skipped/>
  </testcase> <!-- ContactsTabTC25 -->
  <testcase classname="com.SeleniumwithMaven.SalesforceWebpageWithTestNg" name="CreateContactCancleTC31" time="0.0">
    <skipped/>
  </testcase> <!-- CreateContactCancleTC31 -->
  <testcase classname="com.SeleniumwithMaven.SalesforceWebpageWithTestNg" name="CtreateNewContactsTC26" time="0.0">
    <skipped/>
  </testcase> <!-- CtreateNewContactsTC26 -->
  <testcase classname="com.SeleniumwithMaven.SalesforceWebpageWithTestNg" name="HomeTabEditProfileTC34" time="0.0">
    <skipped/>
  </testcase> <!-- HomeTabEditProfileTC34 -->
  <testcase classname="com.SeleniumwithMaven.SalesforceWebpageWithTestNg" name="HomeTabTC33" time="0.0">
    <skipped/>
  </testcase> <!-- HomeTabTC33 -->
  <testcase classname="com.SeleniumwithMaven.SalesforceWebpageWithTestNg" name="HomeTabTC36" time="0.0">
    <skipped/>
  </testcase> <!-- HomeTabTC36 -->
  <testcase classname="com.SeleniumwithMaven.SalesforceWebpageWithTestNg" name="LeadsTabTC20" time="0.0">
    <skipped/>
  </testcase> <!-- LeadsTabTC20 -->
  <testcase classname="com.SeleniumwithMaven.SalesforceWebpageWithTestNg" name="Merge_AccountTC13" time="0.0">
    <skipped/>
  </testcase> <!-- Merge_AccountTC13 -->
  <testcase classname="com.SeleniumwithMaven.SalesforceWebpageWithTestNg" name="MyContactsTC28" time="0.0">
    <skipped/>
  </testcase> <!-- MyContactsTC28 -->
  <testcase classname="com.SeleniumwithMaven.SalesforceWebpageWithTestNg" name="NewContactPageTC32" time="0.0">
    <skipped/>
  </testcase> <!-- NewContactPageTC32 -->
  <testcase classname="com.SeleniumwithMaven.SalesforceWebpageWithTestNg" name="NewLeadsTabTC24" time="0.0">
    <skipped/>
  </testcase> <!-- NewLeadsTabTC24 -->
  <testcase classname="com.SeleniumwithMaven.SalesforceWebpageWithTestNg" name="OpenLeadsTabTC21" time="0.0">
    <skipped/>
  </testcase> <!-- OpenLeadsTabTC21 -->
  <testcase classname="com.SeleniumwithMaven.SalesforceWebpageWithTestNg" name="Opportunity_CreateNewTC16" time="0.0">
    <skipped/>
  </testcase> <!-- Opportunity_CreateNewTC16 -->
  <testcase classname="com.SeleniumwithMaven.SalesforceWebpageWithTestNg" name="Opportunity_DropdownTC15" time="0.0">
    <skipped/>
  </testcase> <!-- Opportunity_DropdownTC15 -->
  <testcase classname="com.SeleniumwithMaven.SalesforceWebpageWithTestNg" name="Opportunity_PipelineTC17" time="0.0">
    <skipped/>
  </testcase> <!-- Opportunity_PipelineTC17 -->
  <testcase classname="com.SeleniumwithMaven.SalesforceWebpageWithTestNg" name="Opportunity_StuckTC18" time="0.0">
    <skipped/>
  </testcase> <!-- Opportunity_StuckTC18 -->
  <testcase classname="com.SeleniumwithMaven.SalesforceWebpageWithTestNg" name="QuarterlySummeryTC19" time="0.0">
    <skipped/>
  </testcase> <!-- QuarterlySummeryTC19 -->
  <testcase classname="com.SeleniumwithMaven.SalesforceWebpageWithTestNg" name="RecentlyCreatedTC27" time="0.0">
    <skipped/>
  </testcase> <!-- RecentlyCreatedTC27 -->
  <testcase classname="com.SeleniumwithMaven.SalesforceWebpageWithTestNg" name="RemoveTabTC35" time="0.0">
    <skipped/>
  </testcase> <!-- RemoveTabTC35 -->
  <testcase classname="com.SeleniumwithMaven.SalesforceWebpageWithTestNg" name="TodaysLeadsTabTC23" time="0.0">
    <skipped/>
  </testcase> <!-- TodaysLeadsTabTC23 -->
  <testcase classname="com.SeleniumwithMaven.SalesforceWebpageWithTestNg" name="ViewContactsTC29" time="0.0">
    <skipped/>
  </testcase> <!-- ViewContactsTC29 -->
  <testcase classname="com.SeleniumwithMaven.SalesforceWebpageWithTestNg" name="createAccountTC10" time="0.0">
    <skipped/>
  </testcase> <!-- createAccountTC10 -->
  <testcase classname="com.SeleniumwithMaven.SalesforceWebpageWithTestNg" name="developersConsoleTC08" time="0.0">
    <skipped/>
  </testcase> <!-- developersConsoleTC08 -->
  <testcase classname="com.SeleniumwithMaven.SalesforceWebpageWithTestNg" name="error_loginTC01" time="0.0">
    <skipped/>
  </testcase> <!-- error_loginTC01 -->
  <testcase classname="com.SeleniumwithMaven.SalesforceWebpageWithTestNg" name="loginTC02" time="0.0">
    <skipped/>
  </testcase> <!-- loginTC02 -->
  <testcase classname="com.SeleniumwithMaven.SalesforceWebpageWithTestNg" name="myProfile_EditTC06" time="0.0">
    <skipped/>
  </testcase> <!-- myProfile_EditTC06 -->
  <testcase classname="com.SeleniumwithMaven.SalesforceWebpageWithTestNg" name="mySettingsTC07" time="0.0">
    <skipped/>
  </testcase> <!-- mySettingsTC07 -->
  <testcase classname="com.SeleniumwithMaven.SalesforceWebpageWithTestNg" name="usermenueLogoutTC09" time="0.0">
    <skipped/>
  </testcase> <!-- usermenueLogoutTC09 -->
  <testcase classname="com.SeleniumwithMaven.SalesforceWebpageWithTestNg" name="usermenue_DropdownTC05" time="0.0">
    <skipped/>
  </testcase> <!-- usermenue_DropdownTC05 -->
  <testcase classname="com.SeleniumwithMaven.SalesforceWebpageWithTestNg" name="wrong_username_passwordTC04" time="0.0">
    <skipped/>
  </testcase> <!-- wrong_username_passwordTC04 -->
</testsuite> <!-- edgeTests -->
