<?xml version="1.0" encoding="UTF-8"?>
<testng-results ignored="0" total="1" passed="0" failed="1" skipped="0">
  <reporter-output>
  </reporter-output>
  <suite started-at="2023-03-06T21:26:54 EST" name="Default suite" finished-at="2023-03-06T21:27:01 EST" duration-ms="7491">
    <groups>
      <group name="cucumber">
        <method signature="AbstractTestNGCucumberTests.runScenario(io.cucumber.testng.PickleWrapper,io.cucumber.testng.FeatureWrapper)[pri:0, instance:com.FireBase.runnerForSalesaforce@1b7cc17c]" name="runScenario" class="io.cucumber.testng.AbstractTestNGCucumberTests"/>
      </group> <!-- cucumber -->
    </groups>
    <test started-at="2023-03-06T21:26:54 EST" name="Default test" finished-at="2023-03-06T21:27:01 EST" duration-ms="7491">
      <class name="com.FireBase.runnerForSalesaforce">
        <test-method is-config="true" signature="setUpClass(org.testng.ITestContext)[pri:0, instance:com.FireBase.runnerForSalesaforce@1b7cc17c]" started-at="2023-03-06T21:26:54 EST" name="setUpClass" finished-at="2023-03-06T21:26:54 EST" duration-ms="183" status="PASS">
          <params>
            <param index="0">
              <value>
                <![CDATA[org.testng.TestRunner@33f98231]]>
              </value>
            </param>
          </params>
          <reporter-output>
          </reporter-output>
        </test-method> <!-- setUpClass -->
        <test-method signature="runScenario(io.cucumber.testng.PickleWrapper,io.cucumber.testng.FeatureWrapper)[pri:0, instance:com.FireBase.runnerForSalesaforce@1b7cc17c]" started-at="2023-03-06T21:26:54 EST" name="runScenario" description="Runs Cucumber Scenarios" data-provider="scenarios" finished-at="2023-03-06T21:27:01 EST" duration-ms="7245" status="FAIL">
          <params>
            <param index="0">
              <value>
                <![CDATA["login with correct credentials"]]>
              </value>
            </param>
            <param index="1">
              <value>
                <![CDATA["login functionality"]]>
              </value>
            </param>
          </params>
          <exception class="java.lang.NullPointerException">
            <message>
              <![CDATA[Cannot invoke "org.openqa.selenium.WebDriver.findElement(org.openqa.selenium.By)" because "this.driver" is null]]>
            </message>
            <full-stacktrace>
              <![CDATA[java.lang.NullPointerException: Cannot invoke "org.openqa.selenium.WebDriver.findElement(org.openqa.selenium.By)" because "this.driver" is null
at com.FireBase.stepDefinitionForSalesforce.i_enter_username_and_password(stepDefinitionForSalesforce.java:38)
at ✽.i enter username and password(file:///C:/eclipse-workspace/CucumberSeleniumIntegration/src/test/resources/salesforcefeature.feature:5)
]]>
            </full-stacktrace>
          </exception> <!-- java.lang.NullPointerException -->
          <reporter-output>
          </reporter-output>
        </test-method> <!-- runScenario -->
        <test-method is-config="true" signature="tearDownClass()[pri:0, instance:com.FireBase.runnerForSalesaforce@1b7cc17c]" started-at="2023-03-06T21:27:01 EST" name="tearDownClass" finished-at="2023-03-06T21:27:01 EST" duration-ms="7" status="PASS">
          <reporter-output>
          </reporter-output>
        </test-method> <!-- tearDownClass -->
      </class> <!-- com.FireBase.runnerForSalesaforce -->
    </test> <!-- Default test -->
  </suite> <!-- Default suite -->
</testng-results>
