<?xml version="1.0" encoding="UTF-8"?>
<!-- Generated by org.testng.reporters.JUnitXMLReporter -->
<testsuite ignored="3" hostname="Debipriya_WIN11" failures="0" tests="3" name="My first test" time="0.037" errors="0" timestamp="2023-02-06T10:00:28 EST">
  <testcase classname="Day1.SecondTestNg" name="testscript_3" time="0.005"/>
  <testcase classname="Day1.SecondTestNg" name="testscript_4" time="0.001"/>
  <testcase classname="Day1.SecondTestNg" name="login" time="0.001"/>
  <testcase classname="Day1.FirstTestNg" name="login" time="0.0">
    <ignored/>
  </testcase> <!-- login -->
  <testcase classname="Day1.FirstTestNg" name="testscript_2" time="0.0">
    <ignored/>
  </testcase> <!-- testscript_2 -->
  <testcase classname="Day1.FirstTestNg" name="testscript_1" time="0.0">
    <ignored/>
  </testcase> <!-- testscript_1 -->
</testsuite> <!-- My first test -->
