<?xml version="1.0" encoding="UTF-8"?>
<testng-results ignored="34" total="35" passed="1" failed="0" skipped="0">
  <reporter-output>
  </reporter-output>
  <suite started-at="2023-02-14T23:07:29 EST" name="Default suite" finished-at="2023-02-14T23:07:52 EST" duration-ms="22163">
    <groups>
    </groups>
    <test started-at="2023-02-14T23:07:29 EST" name="Default test" finished-at="2023-02-14T23:07:52 EST" duration-ms="22163">
      <class name="Day1.SalesforceWebpageTestNg">
        <test-method signature="mySettingsTC07()[pri:0, instance:Day1.SalesforceWebpageTestNg@1700915]" started-at="2023-02-14T23:07:29 EST" name="mySettingsTC07" finished-at="2023-02-14T23:07:52 EST" duration-ms="22128" status="PASS">
          <reporter-output>
          </reporter-output>
        </test-method> <!-- mySettingsTC07 -->
      </class> <!-- Day1.SalesforceWebpageTestNg -->
    </test> <!-- Default test -->
  </suite> <!-- Default suite -->
</testng-results>
