<?xml version="1.0" encoding="UTF-8"?>
<!-- Generated by org.testng.reporters.JUnitXMLReporter -->
<testsuite ignored="4" hostname="Debipriya_WIN11" failures="0" tests="1" name="Default test" time="3.055" errors="0" timestamp="2023-03-14T11:53:00 EDT">
  <testcase classname="Assignment.GetDataDummyRestAPI" name="GetUserData_testcase05" time="2.489"/>
  <testcase classname="Assignment.GetDataDummyRestAPI" name="addUserData_testcase02" time="0.0">
    <ignored/>
  </testcase> <!-- addUserData_testcase02 -->
  <testcase classname="Assignment.GetDataDummyRestAPI" name="deleteUserData_testcase04" time="0.0">
    <ignored/>
  </testcase> <!-- deleteUserData_testcase04 -->
  <testcase classname="Assignment.GetDataDummyRestAPI" name="deleteUserData_testcase03" time="0.0">
    <ignored/>
  </testcase> <!-- deleteUserData_testcase03 -->
  <testcase classname="Assignment.GetDataDummyRestAPI" name="GetUserData_testcase01" time="0.0">
    <ignored/>
  </testcase> <!-- GetUserData_testcase01 -->
</testsuite> <!-- Default test -->
