<?xml version="1.0" encoding="UTF-8"?>
<!-- Generated by org.testng.reporters.JUnitXMLReporter -->
<testsuite ignored="3" hostname="Debipriya_WIN11" failures="0" tests="1" name="Default test" time="1.966" errors="0" timestamp="2023-03-14T00:00:46 EDT">
  <testcase classname="Assignment.GetDataDummyRestAPI" name="deleteUserData_testcase03" time="1.54"/>
  <testcase classname="Assignment.GetDataDummyRestAPI" name="addUserData_testcase02" time="0.0">
    <ignored/>
  </testcase> <!-- addUserData_testcase02 -->
  <testcase classname="Assignment.GetDataDummyRestAPI" name="GetUserData_testcase01" time="0.0">
    <ignored/>
  </testcase> <!-- GetUserData_testcase01 -->
  <testcase classname="Assignment.GetDataDummyRestAPI" name="GetUserData_testcase05" time="0.0">
    <ignored/>
  </testcase> <!-- GetUserData_testcase05 -->
</testsuite> <!-- Default test -->
