<?xml version="1.0" encoding="UTF-8"?>
<!-- Generated by org.testng.reporters.JUnitXMLReporter -->
<testsuite ignored="1" hostname="Debipriya_WIN11" failures="0" tests="2" name="Test" time="0.053" errors="0" timestamp="2023-02-03T14:31:09 EST">
  <testcase classname="Day1.FirstTestNg" name="testscript_1" time="0.008"/>
  <testcase classname="Day1.FirstTestNg" name="login" time="0.001"/>
  <testcase classname="Day1.FirstTestNg" name="testscript_2" time="0.0">
    <ignored/>
  </testcase> <!-- testscript_2 -->
</testsuite> <!-- Test -->
