<?xml version="1.0" encoding="UTF-8"?>
<!-- Generated by org.testng.reporters.JUnitXMLReporter -->
<testsuite ignored="34" hostname="Debipriya_WIN11" failures="1" tests="1" name="Default test" time="14.019" errors="0" timestamp="2023-02-22T16:07:15 EST">
  <testcase classname="Day1.SalesforceWebpageTestNg" name="loginTC02" time="13.976">
    <failure type="org.openqa.selenium.NoSuchWindowException" message="no such window: target window already closed
from unknown error: web view not found
  (Session info: chrome=110.0.5481.104)
Build info: version: &amp;apos;3.141.59&amp;apos;, revision: &amp;apos;e82be7d358&amp;apos;, time: &amp;apos;2018-11-14T08:17:03&amp;apos;
System info: host: &amp;apos;DEBIPRIYA_WIN11&amp;apos;, ip: &amp;apos;192.168.0.28&amp;apos;, os.name: &amp;apos;Windows 11&amp;apos;, os.arch: &amp;apos;amd64&amp;apos;, os.version: &amp;apos;10.0&amp;apos;, java.version: &amp;apos;17.0.6&amp;apos;
Driver info: org.openqa.selenium.chrome.ChromeDriver
Capabilities {acceptInsecureCerts: false, browserName: chrome, browserVersion: 110.0.5481.104, chrome: {chromedriverVersion: 110.0.5481.77 (65ed616c6e8e..., userDataDir: C:\Users\tanmo\AppData\Loca...}, goog:chromeOptions: {debuggerAddress: localhost:57499}, javascriptEnabled: true, networkConnectionEnabled: false, pageLoadStrategy: normal, platform: WINDOWS, platformName: WINDOWS, proxy: Proxy(), setWindowRect: true, strictFileInteractability: false, timeouts: {implicit: 0, pageLoad: 300000, script: 30000}, unhandledPromptBehavior: dismiss and notify, webauthn:extension:credBlob: true, webauthn:extension:largeBlob: true, webauthn:virtualAuthenticators: true}
Session ID: 78f207fbca12f86d61b4c76486fb87f2
*** Element info: {Using=xpath, value=/html/head/title}">
      <![CDATA[org.openqa.selenium.NoSuchWindowException: no such window: target window already closed
from unknown error: web view not found
  (Session info: chrome=110.0.5481.104)
Build info: version: '3.141.59', revision: 'e82be7d358', time: '2018-11-14T08:17:03'
System info: host: 'DEBIPRIYA_WIN11', ip: '192.168.0.28', os.name: 'Windows 11', os.arch: 'amd64', os.version: '10.0', java.version: '17.0.6'
Driver info: org.openqa.selenium.chrome.ChromeDriver
Capabilities {acceptInsecureCerts: false, browserName: chrome, browserVersion: 110.0.5481.104, chrome: {chromedriverVersion: 110.0.5481.77 (65ed616c6e8e..., userDataDir: C:\Users\tanmo\AppData\Loca...}, goog:chromeOptions: {debuggerAddress: localhost:57499}, javascriptEnabled: true, networkConnectionEnabled: false, pageLoadStrategy: normal, platform: WINDOWS, platformName: WINDOWS, proxy: Proxy(), setWindowRect: true, strictFileInteractability: false, timeouts: {implicit: 0, pageLoad: 300000, script: 30000}, unhandledPromptBehavior: dismiss and notify, webauthn:extension:credBlob: true, webauthn:extension:largeBlob: true, webauthn:virtualAuthenticators: true}
Session ID: 78f207fbca12f86d61b4c76486fb87f2
*** Element info: {Using=xpath, value=/html/head/title}
at java.base/jdk.internal.reflect.NativeConstructorAccessorImpl.newInstance0(Native Method)
at java.base/jdk.internal.reflect.NativeConstructorAccessorImpl.newInstance(NativeConstructorAccessorImpl.java:77)
at java.base/jdk.internal.reflect.DelegatingConstructorAccessorImpl.newInstance(DelegatingConstructorAccessorImpl.java:45)
at java.base/java.lang.reflect.Constructor.newInstanceWithCaller(Constructor.java:499)
at java.base/java.lang.reflect.Constructor.newInstance(Constructor.java:480)
at org.openqa.selenium.remote.http.W3CHttpResponseCodec.createException(W3CHttpResponseCodec.java:187)
at org.openqa.selenium.remote.http.W3CHttpResponseCodec.decode(W3CHttpResponseCodec.java:122)
at org.openqa.selenium.remote.http.W3CHttpResponseCodec.decode(W3CHttpResponseCodec.java:49)
at org.openqa.selenium.remote.HttpCommandExecutor.execute(HttpCommandExecutor.java:158)
at org.openqa.selenium.remote.service.DriverCommandExecutor.execute(DriverCommandExecutor.java:83)
at org.openqa.selenium.remote.RemoteWebDriver.execute(RemoteWebDriver.java:552)
at org.openqa.selenium.remote.RemoteWebDriver.findElement(RemoteWebDriver.java:323)
at org.openqa.selenium.remote.RemoteWebDriver.findElementByXPath(RemoteWebDriver.java:428)
at org.openqa.selenium.By$ByXPath.findElement(By.java:353)
at org.openqa.selenium.remote.RemoteWebDriver.findElement(RemoteWebDriver.java:315)
at Day1.SalesforceWebpageTestNg.loginTC02(SalesforceWebpageTestNg.java:28)
at java.base/jdk.internal.reflect.NativeMethodAccessorImpl.invoke0(Native Method)
at java.base/jdk.internal.reflect.NativeMethodAccessorImpl.invoke(NativeMethodAccessorImpl.java:77)
at java.base/jdk.internal.reflect.DelegatingMethodAccessorImpl.invoke(DelegatingMethodAccessorImpl.java:43)
at java.base/java.lang.reflect.Method.invoke(Method.java:568)
at org.testng.internal.MethodInvocationHelper.invokeMethod(MethodInvocationHelper.java:133)
at org.testng.internal.TestInvoker.invokeMethod(TestInvoker.java:598)
at org.testng.internal.TestInvoker.invokeTestMethod(TestInvoker.java:173)
at org.testng.internal.MethodRunner.runInSequence(MethodRunner.java:46)
at org.testng.internal.TestInvoker$MethodInvocationAgent.invoke(TestInvoker.java:824)
at org.testng.internal.TestInvoker.invokeTestMethods(TestInvoker.java:146)
at org.testng.internal.TestMethodWorker.invokeTestMethods(TestMethodWorker.java:146)
at org.testng.internal.TestMethodWorker.run(TestMethodWorker.java:128)
at java.base/java.util.ArrayList.forEach(ArrayList.java:1511)
at org.testng.TestRunner.privateRun(TestRunner.java:794)
at org.testng.TestRunner.run(TestRunner.java:596)
at org.testng.SuiteRunner.runTest(SuiteRunner.java:377)
at org.testng.SuiteRunner.runSequentially(SuiteRunner.java:371)
at org.testng.SuiteRunner.privateRun(SuiteRunner.java:332)
at org.testng.SuiteRunner.run(SuiteRunner.java:276)
at org.testng.SuiteRunnerWorker.runSuite(SuiteRunnerWorker.java:53)
at org.testng.SuiteRunnerWorker.run(SuiteRunnerWorker.java:96)
at org.testng.TestNG.runSuitesSequentially(TestNG.java:1212)
at org.testng.TestNG.runSuitesLocally(TestNG.java:1134)
at org.testng.TestNG.runSuites(TestNG.java:1063)
at org.testng.TestNG.run(TestNG.java:1031)
at org.testng.remote.AbstractRemoteTestNG.run(AbstractRemoteTestNG.java:115)
at org.testng.remote.RemoteTestNG.initAndRun(RemoteTestNG.java:251)
at org.testng.remote.RemoteTestNG.main(RemoteTestNG.java:77)
]]>
    </failure>
  </testcase> <!-- loginTC02 -->
  <testcase classname="Day1.SalesforceWebpageTestNg" name="Opportunity_DropdownTC15" time="0.0">
    <ignored/>
  </testcase> <!-- Opportunity_DropdownTC15 -->
  <testcase classname="Day1.SalesforceWebpageTestNg" name="MyContactsTC28" time="0.0">
    <ignored/>
  </testcase> <!-- MyContactsTC28 -->
  <testcase classname="Day1.SalesforceWebpageTestNg" name="Opportunity_PipelineTC17" time="0.0">
    <ignored/>
  </testcase> <!-- Opportunity_PipelineTC17 -->
  <testcase classname="Day1.SalesforceWebpageTestNg" name="OpenLeadsTabTC21" time="0.0">
    <ignored/>
  </testcase> <!-- OpenLeadsTabTC21 -->
  <testcase classname="Day1.SalesforceWebpageTestNg" name="TodaysLeadsTabTC23" time="0.0">
    <ignored/>
  </testcase> <!-- TodaysLeadsTabTC23 -->
  <testcase classname="Day1.SalesforceWebpageTestNg" name="myProfile_EditTC06" time="0.0">
    <ignored/>
  </testcase> <!-- myProfile_EditTC06 -->
  <testcase classname="Day1.SalesforceWebpageTestNg" name="Account_viewTC11" time="0.0">
    <ignored/>
  </testcase> <!-- Account_viewTC11 -->
  <testcase classname="Day1.SalesforceWebpageTestNg" name="usermenueLogoutTC09" time="0.0">
    <ignored/>
  </testcase> <!-- usermenueLogoutTC09 -->
  <testcase classname="Day1.SalesforceWebpageTestNg" name="NewLeadsTabTC24" time="0.0">
    <ignored/>
  </testcase> <!-- NewLeadsTabTC24 -->
  <testcase classname="Day1.SalesforceWebpageTestNg" name="CreateContactCancleTC31" time="0.0">
    <ignored/>
  </testcase> <!-- CreateContactCancleTC31 -->
  <testcase classname="Day1.SalesforceWebpageTestNg" name="LeadsTabTC20" time="0.0">
    <ignored/>
  </testcase> <!-- LeadsTabTC20 -->
  <testcase classname="Day1.SalesforceWebpageTestNg" name="ViewContactsTC29" time="0.0">
    <ignored/>
  </testcase> <!-- ViewContactsTC29 -->
  <testcase classname="Day1.SalesforceWebpageTestNg" name="wrong_username_passwordTC04" time="0.0">
    <ignored/>
  </testcase> <!-- wrong_username_passwordTC04 -->
  <testcase classname="Day1.SalesforceWebpageTestNg" name="usermenue_DropdownTC05" time="0.0">
    <ignored/>
  </testcase> <!-- usermenue_DropdownTC05 -->
  <testcase classname="Day1.SalesforceWebpageTestNg" name="Merge_AccountTC13" time="0.0">
    <ignored/>
  </testcase> <!-- Merge_AccountTC13 -->
  <testcase classname="Day1.SalesforceWebpageTestNg" name="error_loginTC01" time="0.0">
    <ignored/>
  </testcase> <!-- error_loginTC01 -->
  <testcase classname="Day1.SalesforceWebpageTestNg" name="NewContactPageTC32" time="0.0">
    <ignored/>
  </testcase> <!-- NewContactPageTC32 -->
  <testcase classname="Day1.SalesforceWebpageTestNg" name="CtreateNewContactsTC26" time="0.0">
    <ignored/>
  </testcase> <!-- CtreateNewContactsTC26 -->
  <testcase classname="Day1.SalesforceWebpageTestNg" name="developersConsoleTC08" time="0.0">
    <ignored/>
  </testcase> <!-- developersConsoleTC08 -->
  <testcase classname="Day1.SalesforceWebpageTestNg" name="HomeTabEditProfileTC34" time="0.0">
    <ignored/>
  </testcase> <!-- HomeTabEditProfileTC34 -->
  <testcase classname="Day1.SalesforceWebpageTestNg" name="Opportunity_StuckTC18" time="0.0">
    <ignored/>
  </testcase> <!-- Opportunity_StuckTC18 -->
  <testcase classname="Day1.SalesforceWebpageTestNg" name="QuarterlySummeryTC19" time="0.0">
    <ignored/>
  </testcase> <!-- QuarterlySummeryTC19 -->
  <testcase classname="Day1.SalesforceWebpageTestNg" name="mySettingsTC07" time="0.0">
    <ignored/>
  </testcase> <!-- mySettingsTC07 -->
  <testcase classname="Day1.SalesforceWebpageTestNg" name="Account_ReportTC14" time="0.0">
    <ignored/>
  </testcase> <!-- Account_ReportTC14 -->
  <testcase classname="Day1.SalesforceWebpageTestNg" name="HomeTabTC33" time="0.0">
    <ignored/>
  </testcase> <!-- HomeTabTC33 -->
  <testcase classname="Day1.SalesforceWebpageTestNg" name="createAccountTC10" time="0.0">
    <ignored/>
  </testcase> <!-- createAccountTC10 -->
  <testcase classname="Day1.SalesforceWebpageTestNg" name="Opportunity_CreateNewTC16" time="0.0">
    <ignored/>
  </testcase> <!-- Opportunity_CreateNewTC16 -->
  <testcase classname="Day1.SalesforceWebpageTestNg" name="RemoveTabTC35" time="0.0">
    <ignored/>
  </testcase> <!-- RemoveTabTC35 -->
  <testcase classname="Day1.SalesforceWebpageTestNg" name="ContactErrorMassegeTC30" time="0.0">
    <ignored/>
  </testcase> <!-- ContactErrorMassegeTC30 -->
  <testcase classname="Day1.SalesforceWebpageTestNg" name="RecentlyCreatedTC27" time="0.0">
    <ignored/>
  </testcase> <!-- RecentlyCreatedTC27 -->
  <testcase classname="Day1.SalesforceWebpageTestNg" name="ContactsTabTC25" time="0.0">
    <ignored/>
  </testcase> <!-- ContactsTabTC25 -->
  <testcase classname="Day1.SalesforceWebpageTestNg" name="HomeTabTC36" time="0.0">
    <ignored/>
  </testcase> <!-- HomeTabTC36 -->
  <testcase classname="Day1.SalesforceWebpageTestNg" name="ChangeLeadsTabTC22" time="0.0">
    <ignored/>
  </testcase> <!-- ChangeLeadsTabTC22 -->
  <testcase classname="Day1.SalesforceWebpageTestNg" name="Account_Edit_viewTC12" time="0.0">
    <ignored/>
  </testcase> <!-- Account_Edit_viewTC12 -->
</testsuite> <!-- Default test -->
